<?xml version="1.0" encoding="UTF-8"?>
<!-- Generated by org.testng.reporters.JUnitXMLReporter -->
<testsuite ignored="0" hostname="L-INE-5N15T93" failures="2" tests="4" name="Test" time="53.384" errors="0" timestamp="2024-02-02T11:03:58 IST">
  <testcase classname="io.cucumber.testng.AbstractTestNGCucumberTests" name="runScenario" time="17.151">
    <failure type="java.lang.AssertionError" message="expected [Accounts Overview] but found [Error!]">
      <![CDATA[java.lang.AssertionError: expected [Accounts Overview] but found [Error!]
at com.Actions.LoginPageAction.verifyLoginSuccessfull(LoginPageAction.java:45)
at com.StepDefinations.LoginPageStepDefination.verify_user_is_successfully_login_in_the_system(LoginPageStepDefination.java:53)
at ✽.verify user is successfully login in the system(file:///C:/Users/ctawade/OneDrive%20-%20Expleo%20France/Desktop/Project/ParaBank/ParaBankTestingFramework/src/test/resources/Features/Login.feature:12)
... Removed 6 stack frames]]>
    </failure>
  </testcase> <!-- runScenario -->
  <testcase classname="io.cucumber.testng.AbstractTestNGCucumberTests" name="runScenario" time="7.907"/>
  <testcase classname="io.cucumber.testng.AbstractTestNGCucumberTests" name="runScenario" time="9.785">
    <failure type="java.lang.AssertionError" message="expected [Your account was created successfully. You are now logged in.] but found [If you have an account with us you can sign-up for free instant online access. You will have to provide some personal information.]">
      <![CDATA[java.lang.AssertionError: expected [Your account was created successfully. You are now logged in.] but found [If you have an account with us you can sign-up for free instant online access. You will have to provide some personal information.]
at com.Actions.RegisterPageAction.verifyRegisaterSucessfullMsg(RegisterPageAction.java:77)
at com.StepDefinations.RegisterPageStepDefination.verify_register_sucessfully_or_not(RegisterPageStepDefination.java:58)
at ✽.verify register sucessfully or not(file:///C:/Users/ctawade/OneDrive%20-%20Expleo%20France/Desktop/Project/ParaBank/ParaBankTestingFramework/src/test/resources/Features/Register.feature:11)
... Removed 6 stack frames]]>
    </failure>
  </testcase> <!-- runScenario -->
  <testcase classname="io.cucumber.testng.AbstractTestNGCucumberTests" name="runScenario" time="10.195"/>
</testsuite> <!-- Test -->
