<html>
<head>
<title>TestNG:  Test</title>
<link href="../testng.css" rel="stylesheet" type="text/css" />
<link href="../my-testng.css" rel="stylesheet" type="text/css" />

<style type="text/css">
.log { display: none;} 
.stack-trace { display: none;} 
</style>
<script type="text/javascript">
<!--
function flip(e) {
  current = e.style.display;
  if (current == 'block') {
    e.style.display = 'none';
    return 0;
  }
  else {
    e.style.display = 'block';
    return 1;
  }
}

function toggleBox(szDivId, elem, msg1, msg2)
{
  var res = -1;  if (document.getElementById) {
    res = flip(document.getElementById(szDivId));
  }
  else if (document.all) {
    // this is the way old msie versions work
    res = flip(document.all[szDivId]);
  }
  if(elem) {
    if(res == 0) elem.innerHTML = msg1; else elem.innerHTML = msg2;
  }

}

function toggleAllBoxes() {
  if (document.getElementsByTagName) {
    d = document.getElementsByTagName('div');
    for (i = 0; i < d.length; i++) {
      if (d[i].className == 'log') {
        flip(d[i]);
      }
    }
  }
}

// -->
</script>

</head>
<body>
<h2 align='center'>Test</h2><table border='1' align="center">
<tr>
<td>Tests passed/Failed/Skipped:</td><td>2/2/0</td>
</tr><tr>
<td>Started on:</td><td>Fri Feb 02 11:03:05 IST 2024</td>
</tr>
<tr><td>Total time:</td><td>53 seconds (53384 ms)</td>
</tr><tr>
<td>Included groups:</td><td></td>
</tr><tr>
<td>Excluded groups:</td><td></td>
</tr>
</table><p/>
<small><i>(Hover the method name to see the test class name)</i></small><p/>
<table width='100%' border='1' class='invocation-failed'>
<tr><td colspan='4' align='center'><b>FAILED TESTS</b></td></tr>
<tr><td><b>Test method</b></td>
<td><b>Attribute(s)</b></td>
<td width="30%"><b>Exception</b></td>
<td width="10%"><b>Time (seconds)</b></td>
<td><b>Instance</b></td>
</tr>
<tr>
<td title='com.Runner.Runner$CucumberRunnerTests.runScenario()'><b>runScenario</b><br>Test class: com.Runner.Runner$CucumberRunnerTests<br>Test method: Runs Cucumber Scenarios<br>Parameters: "login page test with valid credentials", "Login Page Testing with valid and invalid credentials"</td>
<td><div><pre>java.lang.AssertionError: expected [Accounts Overview] but found [Error!]
	at com.Actions.LoginPageAction.verifyLoginSuccessfull(LoginPageAction.java:45)
	at com.StepDefinations.LoginPageStepDefination.verify_user_is_successfully_login_in_the_system(LoginPageStepDefination.java:53)
	at ✽.verify user is successfully login in the system(file:///C:/Users/ctawade/OneDrive%20-%20Expleo%20France/Desktop/Project/ParaBank/ParaBankTestingFramework/src/test/resources/Features/Login.feature:12)
... Removed 6 stack frames</pre></div><a href='#' onClick='toggleBox("stack-trace1260955583", this, "Click to show all stack frames", "Click to hide stack frames")'>Click to show all stack frames</a>
<div class='stack-trace' id='stack-trace1260955583'><pre>java.lang.AssertionError: expected [Accounts Overview] but found [Error!]
	at org.testng.Assert.fail(Assert.java:111)
	at org.testng.Assert.failNotEquals(Assert.java:1578)
	at org.testng.Assert.assertEqualsImpl(Assert.java:150)
	at org.testng.Assert.assertEquals(Assert.java:132)
	at org.testng.Assert.assertEquals(Assert.java:656)
	at org.testng.Assert.assertEquals(Assert.java:666)
	at com.Actions.LoginPageAction.verifyLoginSuccessfull(LoginPageAction.java:45)
	at com.StepDefinations.LoginPageStepDefination.verify_user_is_successfully_login_in_the_system(LoginPageStepDefination.java:53)
	at ✽.verify user is successfully login in the system(file:///C:/Users/ctawade/OneDrive%20-%20Expleo%20France/Desktop/Project/ParaBank/ParaBankTestingFramework/src/test/resources/Features/Login.feature:12)
</pre></div></td>
<td>17</td>
<td>com.Runner.Runner$CucumberRunnerTests@5c7933ad</td></tr>
<tr>
<td title='com.Runner.Runner$CucumberRunnerTests.runScenario()'><b>runScenario</b><br>Test class: com.Runner.Runner$CucumberRunnerTests<br>Test method: Runs Cucumber Scenarios<br>Parameters: "Validate that the registration form accepts all valid data .", "New user registration page ."</td>
<td><div><pre>java.lang.AssertionError: expected [Your account was created successfully. You are now logged in.] but found [If you have an account with us you can sign-up for free instant online access. You will have to provide some personal information.]
	at com.Actions.RegisterPageAction.verifyRegisaterSucessfullMsg(RegisterPageAction.java:77)
	at com.StepDefinations.RegisterPageStepDefination.verify_register_sucessfully_or_not(RegisterPageStepDefination.java:58)
	at ✽.verify register sucessfully or not(file:///C:/Users/ctawade/OneDrive%20-%20Expleo%20France/Desktop/Project/ParaBank/ParaBankTestingFramework/src/test/resources/Features/Register.feature:11)
... Removed 6 stack frames</pre></div><a href='#' onClick='toggleBox("stack-trace358115395", this, "Click to show all stack frames", "Click to hide stack frames")'>Click to show all stack frames</a>
<div class='stack-trace' id='stack-trace358115395'><pre>java.lang.AssertionError: expected [Your account was created successfully. You are now logged in.] but found [If you have an account with us you can sign-up for free instant online access. You will have to provide some personal information.]
	at org.testng.Assert.fail(Assert.java:111)
	at org.testng.Assert.failNotEquals(Assert.java:1578)
	at org.testng.Assert.assertEqualsImpl(Assert.java:150)
	at org.testng.Assert.assertEquals(Assert.java:132)
	at org.testng.Assert.assertEquals(Assert.java:656)
	at org.testng.Assert.assertEquals(Assert.java:666)
	at com.Actions.RegisterPageAction.verifyRegisaterSucessfullMsg(RegisterPageAction.java:77)
	at com.StepDefinations.RegisterPageStepDefination.verify_register_sucessfully_or_not(RegisterPageStepDefination.java:58)
	at ✽.verify register sucessfully or not(file:///C:/Users/ctawade/OneDrive%20-%20Expleo%20France/Desktop/Project/ParaBank/ParaBankTestingFramework/src/test/resources/Features/Register.feature:11)
</pre></div></td>
<td>9</td>
<td>com.Runner.Runner$CucumberRunnerTests@5c7933ad</td></tr>
</table><p>
<table width='100%' border='1' class='invocation-passed'>
<tr><td colspan='4' align='center'><b>PASSED TESTS</b></td></tr>
<tr><td><b>Test method</b></td>
<td><b>Attribute(s)</b></td>
<td width="30%"><b>Exception</b></td>
<td width="10%"><b>Time (seconds)</b></td>
<td><b>Instance</b></td>
</tr>
<tr>
<td title='com.Runner.Runner$CucumberRunnerTests.runScenario()'><b>runScenario</b><br>Test class: com.Runner.Runner$CucumberRunnerTests<br>Test method: Runs Cucumber Scenarios<br>Parameters: "login page test with invalid credentials", "Login Page Testing with valid and invalid credentials"</td>
<td></td>
<td>7</td>
<td>com.Runner.Runner$CucumberRunnerTests@5c7933ad</td></tr>
<tr>
<td title='com.Runner.Runner$CucumberRunnerTests.runScenario()'><b>runScenario</b><br>Test class: com.Runner.Runner$CucumberRunnerTests<br>Test method: Runs Cucumber Scenarios<br>Parameters: "Validate that the registration form accepts valid mobile number.", "New user registration page ."</td>
<td></td>
<td>10</td>
<td>com.Runner.Runner$CucumberRunnerTests@5c7933ad</td></tr>
</table><p>
</body>
</html>