<!DOCTYPE html PUBLIC "-//W3C//DTD XHTML 1.1//EN" "https://www.w3.org/TR/xhtml11/DTD/xhtml11.dtd">
<html xmlns="https://www.w3.org/1999/xhtml">
<head>
<meta http-equiv="content-type" content="text/html; charset=UTF-8"/>
<title>TestNG Report</title>
<style type="text/css">table {margin-bottom:10px;border-collapse:collapse;empty-cells:show}th,td {border:1px solid #009;padding:.25em .5em}th {vertical-align:bottom}td {vertical-align:top}table a {font-weight:bold}.stripe td {background-color: #E6EBF9}.num {text-align:right}.passedodd td {background-color: #3F3}.passedeven td {background-color: #0A0}.skippedodd td {background-color: #DDD}.skippedeven td {background-color: #CCC}.failedodd td,.attn {background-color: #F33}.failedeven td,.stripe .attn {background-color: #D00}.stacktrace {white-space:pre;font-family:monospace}.totop {font-size:85%;text-align:center;border-bottom:2px solid #000}.invisible {display:none}</style>
</head>
<body>
<table>
<tr><th>Test</th><th># Passed</th><th># Skipped</th><th># Retried</th><th># Failed</th><th>Time (ms)</th><th>Included Groups</th><th>Excluded Groups</th></tr>
<tr><th colspan="8">Suite</th></tr>
<tr><td><a href="#t0">Test</a></td><td class="num">2</td><td class="num">0</td><td class="num">0</td><td class="num attn">2</td><td class="num">53,384</td><td></td><td></td></tr>
</table>
<table id='summary'><thead><tr><th>Class</th><th>Method</th><th>Start</th><th>Time (ms)</th></tr></thead><tbody><tr><th colspan="4">Suite</th></tr></tbody><tbody id="t0"><tr><th colspan="4">Test &#8212; failed</th></tr><tr class="failedeven"><td rowspan="2">com.Runner.Runner$CucumberRunnerTests</td><td><a href="#m0">runScenario</a></td><td rowspan="2">1706851986510</td><td rowspan="2">17151</td></tr><tr class="failedeven"><td><a href="#m1">runScenario</a></td></tr><tr><th colspan="4">Test &#8212; passed</th></tr><tr class="passedeven"><td rowspan="2">com.Runner.Runner$CucumberRunnerTests</td><td><a href="#m2">runScenario</a></td><td rowspan="2">1706852003667</td><td rowspan="2">7907</td></tr><tr class="passedeven"><td><a href="#m3">runScenario</a></td></tr></tbody>
</table>
<h2>Test</h2><h3 id="m0">com.Runner.Runner$CucumberRunnerTests#runScenario</h3><table class="result"><tr class="param"><th>Parameter #1</th><th>Parameter #2</th></tr><tr class="param stripe"><td>&quot;login page test with valid credentials&quot;</td><td>&quot;Login Page Testing with valid and invalid credentials&quot;</td></tr><tr><th colspan="2">Exception</th></tr><tr><td colspan="2"><div class="stacktrace">java.lang.AssertionError: expected [Accounts Overview] but found [Error!]
	at com.Actions.LoginPageAction.verifyLoginSuccessfull(LoginPageAction.java:45)
	at com.StepDefinations.LoginPageStepDefination.verify_user_is_successfully_login_in_the_system(LoginPageStepDefination.java:53)
	at ✽.verify user is successfully login in the system(file:///C:/Users/ctawade/OneDrive%20-%20Expleo%20France/Desktop/Project/ParaBank/ParaBankTestingFramework/src/test/resources/Features/Login.feature:12)
... Removed 6 stack frames</div></td></tr></table><p class="totop"><a href="#summary">back to summary</a></p>
<h3 id="m1">com.Runner.Runner$CucumberRunnerTests#runScenario</h3><table class="result"><tr class="param"><th>Parameter #1</th><th>Parameter #2</th></tr><tr class="param stripe"><td>&quot;Validate that the registration form accepts all valid data .&quot;</td><td>&quot;New user registration page .&quot;</td></tr><tr><th colspan="2">Exception</th></tr><tr><td colspan="2"><div class="stacktrace">java.lang.AssertionError: expected [Your account was created successfully. You are now logged in.] but found [If you have an account with us you can sign-up for free instant online access. You will have to provide some personal information.]
	at com.Actions.RegisterPageAction.verifyRegisaterSucessfullMsg(RegisterPageAction.java:77)
	at com.StepDefinations.RegisterPageStepDefination.verify_register_sucessfully_or_not(RegisterPageStepDefination.java:58)
	at ✽.verify register sucessfully or not(file:///C:/Users/ctawade/OneDrive%20-%20Expleo%20France/Desktop/Project/ParaBank/ParaBankTestingFramework/src/test/resources/Features/Register.feature:11)
... Removed 6 stack frames</div></td></tr></table><p class="totop"><a href="#summary">back to summary</a></p>
<h3 id="m2">com.Runner.Runner$CucumberRunnerTests#runScenario</h3><table class="result"><tr class="param"><th>Parameter #1</th><th>Parameter #2</th></tr><tr class="param stripe"><td>&quot;login page test with invalid credentials&quot;</td><td>&quot;Login Page Testing with valid and invalid credentials&quot;</td></tr></table><p class="totop"><a href="#summary">back to summary</a></p>
<h3 id="m3">com.Runner.Runner$CucumberRunnerTests#runScenario</h3><table class="result"><tr class="param"><th>Parameter #1</th><th>Parameter #2</th></tr><tr class="param stripe"><td>&quot;Validate that the registration form accepts valid mobile number.&quot;</td><td>&quot;New user registration page .&quot;</td></tr></table><p class="totop"><a href="#summary">back to summary</a></p>
</body>
</html>
